<?xml version="1.0" encoding="UTF-8" ?>
<testsuite failures="0" time="0.004" errors="0" skipped="0" tests="2" name="com.jinbal.aimia.number.reader.DefaultNumberReaderStrategyImplTest">
  <properties>
[...]
</properties>
  <testcase time="0.002" classname="com.jinbal.aimia.number.reader.DefaultNumberReaderStrategyImplTest" name="shouldSegmentNumberAndReturnInDescendingMagnitudeOrder"/>
  <testcase time="0" classname="com.jinbal.aimia.number.reader.DefaultNumberReaderStrategyImplTest" name="shouldSegmentNumberLessThan1000IntoSingleHundredSegment"/>
</testsuite>